[35m[1mConsolidate compiler generated dependencies of target gtest[0m
[35m[1mConsolidate compiler generated dependencies of target myDebris[0m
[ 14%] Built target gtest
[35m[1mConsolidate compiler generated dependencies of target gmock[0m
[ 28%] Built target myDebris
[35m[1mConsolidate compiler generated dependencies of target gtest_main[0m
[ 42%] Built target gmock
[ 57%] Built target gtest_main
[35m[1mConsolidate compiler generated dependencies of target collector_node[0m
[35m[1mConsolidate compiler generated dependencies of target cpp-test[0m
[ 71%] Built target collector_node
[ 85%] Built target cpp-test
[35m[1mConsolidate compiler generated dependencies of target gmock_main[0m
[100%] Built target gmock_main
-- Install configuration: "Debug"
-- Up-to-date: /home/ana/final/project_clearpath/install/project_clearpath/include
-- Up-to-date: /home/ana/final/project_clearpath/install/project_clearpath/include/gmock
-- Up-to-date: /home/ana/final/project_clearpath/install/project_clearpath/include/gmock/gmock-more-matchers.h
-- Up-to-date: /home/ana/final/project_clearpath/install/project_clearpath/include/gmock/internal
-- Up-to-date: /home/ana/final/project_clearpath/install/project_clearpath/include/gmock/internal/custom
-- Up-to-date: /home/ana/final/project_clearpath/install/project_clearpath/include/gmock/internal/custom/README.md
-- Up-to-date: /home/ana/final/project_clearpath/install/project_clearpath/include/gmock/internal/custom/gmock-matchers.h
-- Up-to-date: /home/ana/final/project_clearpath/install/project_clearpath/include/gmock/internal/custom/gmock-generated-actions.h
-- Up-to-date: /home/ana/final/project_clearpath/install/project_clearpath/include/gmock/internal/custom/gmock-port.h
-- Up-to-date: /home/ana/final/project_clearpath/install/project_clearpath/include/gmock/internal/gmock-internal-utils.h
-- Up-to-date: /home/ana/final/project_clearpath/install/project_clearpath/include/gmock/internal/gmock-port.h
-- Up-to-date: /home/ana/final/project_clearpath/install/project_clearpath/include/gmock/internal/gmock-pp.h
-- Up-to-date: /home/ana/final/project_clearpath/install/project_clearpath/include/gmock/gmock-function-mocker.h
-- Up-to-date: /home/ana/final/project_clearpath/install/project_clearpath/include/gmock/gmock-nice-strict.h
-- Up-to-date: /home/ana/final/project_clearpath/install/project_clearpath/include/gmock/gmock-matchers.h
-- Up-to-date: /home/ana/final/project_clearpath/install/project_clearpath/include/gmock/gmock-actions.h
-- Up-to-date: /home/ana/final/project_clearpath/install/project_clearpath/include/gmock/gmock.h
-- Up-to-date: /home/ana/final/project_clearpath/install/project_clearpath/include/gmock/gmock-cardinalities.h
-- Up-to-date: /home/ana/final/project_clearpath/install/project_clearpath/include/gmock/gmock-spec-builders.h
-- Up-to-date: /home/ana/final/project_clearpath/install/project_clearpath/include/gmock/gmock-more-actions.h
-- Up-to-date: /home/ana/final/project_clearpath/install/project_clearpath/lib/libgmock.a
-- Up-to-date: /home/ana/final/project_clearpath/install/project_clearpath/lib/libgmock_main.a
-- Up-to-date: /home/ana/final/project_clearpath/install/project_clearpath/lib/pkgconfig/gmock.pc
-- Up-to-date: /home/ana/final/project_clearpath/install/project_clearpath/lib/pkgconfig/gmock_main.pc
-- Up-to-date: /home/ana/final/project_clearpath/install/project_clearpath/lib/cmake/GTest/GTestTargets.cmake
-- Up-to-date: /home/ana/final/project_clearpath/install/project_clearpath/lib/cmake/GTest/GTestTargets-debug.cmake
-- Up-to-date: /home/ana/final/project_clearpath/install/project_clearpath/lib/cmake/GTest/GTestConfigVersion.cmake
-- Up-to-date: /home/ana/final/project_clearpath/install/project_clearpath/lib/cmake/GTest/GTestConfig.cmake
-- Up-to-date: /home/ana/final/project_clearpath/install/project_clearpath/include
-- Up-to-date: /home/ana/final/project_clearpath/install/project_clearpath/include/gtest
-- Up-to-date: /home/ana/final/project_clearpath/install/project_clearpath/include/gtest/gtest-test-part.h
-- Up-to-date: /home/ana/final/project_clearpath/install/project_clearpath/include/gtest/internal
-- Up-to-date: /home/ana/final/project_clearpath/install/project_clearpath/include/gtest/internal/gtest-type-util.h
-- Up-to-date: /home/ana/final/project_clearpath/install/project_clearpath/include/gtest/internal/custom
-- Up-to-date: /home/ana/final/project_clearpath/install/project_clearpath/include/gtest/internal/custom/gtest-printers.h
-- Up-to-date: /home/ana/final/project_clearpath/install/project_clearpath/include/gtest/internal/custom/gtest-port.h
-- Up-to-date: /home/ana/final/project_clearpath/install/project_clearpath/include/gtest/internal/custom/README.md
-- Up-to-date: /home/ana/final/project_clearpath/install/project_clearpath/include/gtest/internal/custom/gtest.h
-- Up-to-date: /home/ana/final/project_clearpath/install/project_clearpath/include/gtest/internal/gtest-param-util.h
-- Up-to-date: /home/ana/final/project_clearpath/install/project_clearpath/include/gtest/internal/gtest-death-test-internal.h
-- Up-to-date: /home/ana/final/project_clearpath/install/project_clearpath/include/gtest/internal/gtest-string.h
-- Up-to-date: /home/ana/final/project_clearpath/install/project_clearpath/include/gtest/internal/gtest-internal.h
-- Up-to-date: /home/ana/final/project_clearpath/install/project_clearpath/include/gtest/internal/gtest-port.h
-- Up-to-date: /home/ana/final/project_clearpath/install/project_clearpath/include/gtest/internal/gtest-filepath.h
-- Up-to-date: /home/ana/final/project_clearpath/install/project_clearpath/include/gtest/internal/gtest-port-arch.h
-- Up-to-date: /home/ana/final/project_clearpath/install/project_clearpath/include/gtest/gtest-printers.h
-- Up-to-date: /home/ana/final/project_clearpath/install/project_clearpath/include/gtest/gtest-spi.h
-- Up-to-date: /home/ana/final/project_clearpath/install/project_clearpath/include/gtest/gtest-matchers.h
-- Up-to-date: /home/ana/final/project_clearpath/install/project_clearpath/include/gtest/gtest_prod.h
-- Up-to-date: /home/ana/final/project_clearpath/install/project_clearpath/include/gtest/gtest-param-test.h
-- Up-to-date: /home/ana/final/project_clearpath/install/project_clearpath/include/gtest/gtest-death-test.h
-- Up-to-date: /home/ana/final/project_clearpath/install/project_clearpath/include/gtest/gtest.h
-- Up-to-date: /home/ana/final/project_clearpath/install/project_clearpath/include/gtest/gtest_pred_impl.h
-- Up-to-date: /home/ana/final/project_clearpath/install/project_clearpath/include/gtest/gtest-message.h
-- Up-to-date: /home/ana/final/project_clearpath/install/project_clearpath/include/gtest/gtest-assertion-result.h
-- Up-to-date: /home/ana/final/project_clearpath/install/project_clearpath/include/gtest/gtest-typed-test.h
-- Up-to-date: /home/ana/final/project_clearpath/install/project_clearpath/lib/libgtest.a
-- Up-to-date: /home/ana/final/project_clearpath/install/project_clearpath/lib/libgtest_main.a
-- Up-to-date: /home/ana/final/project_clearpath/install/project_clearpath/lib/pkgconfig/gtest.pc
-- Up-to-date: /home/ana/final/project_clearpath/install/project_clearpath/lib/pkgconfig/gtest_main.pc
-- Execute custom install script
-- Up-to-date symlink: /home/ana/final/project_clearpath/install/project_clearpath/lib/project_clearpath/collector_node
-- Up-to-date symlink: /home/ana/final/project_clearpath/install/project_clearpath/share/project_clearpath//launch/collector_robot.launch.py
-- Up-to-date symlink: /home/ana/final/project_clearpath/install/project_clearpath/share/project_clearpath//launch/spawn_tbot3_custom.py
-- Up-to-date symlink: /home/ana/final/project_clearpath/install/project_clearpath/share/project_clearpath//launch/spawn_trash.launch.py
-- Up-to-date symlink: /home/ana/final/project_clearpath/install/project_clearpath/share/project_clearpath//models/trash_block/model.sdf
-- Up-to-date symlink: /home/ana/final/project_clearpath/install/project_clearpath/share/project_clearpath//models/turtlebot3_waffle_pi/model-1_4_.sdf
-- Up-to-date symlink: /home/ana/final/project_clearpath/install/project_clearpath/share/project_clearpath//models/turtlebot3_waffle_pi/model.config
-- Up-to-date symlink: /home/ana/final/project_clearpath/install/project_clearpath/share/project_clearpath//models/turtlebot3_waffle_pi/model.sdf
-- Up-to-date symlink: /home/ana/final/project_clearpath/install/project_clearpath/share/project_clearpath//worlds/empty_world.world
-- Up-to-date symlink: /home/ana/final/project_clearpath/install/project_clearpath/share/project_clearpath//worlds/gazebo_ros_depth_camera_demo.world
-- Up-to-date symlink: /home/ana/final/project_clearpath/install/project_clearpath/share/project_clearpath//worlds/sample.world
-- Up-to-date symlink: /home/ana/final/project_clearpath/install/project_clearpath/share/project_clearpath//urdf/common_properties.urdf
-- Up-to-date symlink: /home/ana/final/project_clearpath/install/project_clearpath/share/project_clearpath//urdf/turtlebot3_waffle_pi.urdf
-- Up-to-date symlink: /home/ana/final/project_clearpath/install/project_clearpath/share/ament_index/resource_index/package_run_dependencies/project_clearpath
-- Up-to-date symlink: /home/ana/final/project_clearpath/install/project_clearpath/share/ament_index/resource_index/parent_prefix_path/project_clearpath
-- Up-to-date symlink: /home/ana/final/project_clearpath/install/project_clearpath/share/project_clearpath/environment/ament_prefix_path.sh
-- Up-to-date symlink: /home/ana/final/project_clearpath/install/project_clearpath/share/project_clearpath/environment/ament_prefix_path.dsv
-- Up-to-date symlink: /home/ana/final/project_clearpath/install/project_clearpath/share/project_clearpath/environment/path.sh
-- Up-to-date symlink: /home/ana/final/project_clearpath/install/project_clearpath/share/project_clearpath/environment/path.dsv
-- Up-to-date symlink: /home/ana/final/project_clearpath/install/project_clearpath/share/project_clearpath/local_setup.bash
-- Up-to-date symlink: /home/ana/final/project_clearpath/install/project_clearpath/share/project_clearpath/local_setup.sh
-- Up-to-date symlink: /home/ana/final/project_clearpath/install/project_clearpath/share/project_clearpath/local_setup.zsh
-- Up-to-date symlink: /home/ana/final/project_clearpath/install/project_clearpath/share/project_clearpath/local_setup.dsv
-- Symlinking: /home/ana/final/project_clearpath/install/project_clearpath/share/project_clearpath/package.dsv
-- Up-to-date symlink: /home/ana/final/project_clearpath/install/project_clearpath/share/ament_index/resource_index/packages/project_clearpath
-- Up-to-date symlink: /home/ana/final/project_clearpath/install/project_clearpath/share/project_clearpath/cmake/project_clearpathConfig.cmake
-- Up-to-date symlink: /home/ana/final/project_clearpath/install/project_clearpath/share/project_clearpath/cmake/project_clearpathConfig-version.cmake
-- Up-to-date symlink: /home/ana/final/project_clearpath/install/project_clearpath/share/project_clearpath/package.xml
