[0.311s] DEBUG:colcon:Command line arguments: ['/home/ana/.local/bin/colcon', 'build', '--symlink-install', '--cmake-args', '-DCMAKE_BUILD_TYPE=Debug']
[0.312s] DEBUG:colcon:Parsed command line arguments: Namespace(log_base=None, log_level=None, verb_name='build', build_base='build', install_base='install', merge_install=False, symlink_install=True, test_result_base=None, continue_on_error=False, executor='parallel', parallel_workers=2, event_handlers=None, ignore_user_meta=False, metas=['./colcon.meta'], base_paths=['.'], packages_ignore=None, packages_ignore_regex=None, paths=None, packages_up_to=None, packages_up_to_regex=None, packages_above=None, packages_above_and_dependencies=None, packages_above_depth=None, packages_select_by_dep=None, packages_skip_by_dep=None, packages_skip_up_to=None, packages_select_build_failed=False, packages_skip_build_finished=False, packages_select_test_failures=False, packages_skip_test_passed=False, packages_select=None, packages_skip=None, packages_select_regex=None, packages_skip_regex=None, packages_start=None, packages_end=None, allow_overriding=[], cmake_args=['-DCMAKE_BUILD_TYPE=Debug'], cmake_target=None, cmake_target_skip_unavailable=False, cmake_clean_cache=False, cmake_clean_first=False, cmake_force_configure=False, ament_cmake_args=None, catkin_cmake_args=None, catkin_skip_building_tests=False, mixin_files=None, mixin=None, verb_parser=<colcon_mixin.mixin.mixin_argument.MixinArgumentDecorator object at 0x7861c57a0af0>, verb_extension=<colcon_core.verb.build.BuildVerb object at 0x7861c57a0580>, main=<bound method BuildVerb.main of <colcon_core.verb.build.BuildVerb object at 0x7861c57a0580>>, mixin_verb=('build',))
[0.535s] Level 1:colcon.colcon_core.package_discovery:discover_packages(colcon_meta) check parameters
[0.535s] Level 1:colcon.colcon_core.package_discovery:discover_packages(recursive) check parameters
[0.535s] Level 1:colcon.colcon_core.package_discovery:discover_packages(ignore) check parameters
[0.535s] Level 1:colcon.colcon_core.package_discovery:discover_packages(path) check parameters
[0.535s] Level 1:colcon.colcon_core.package_discovery:discover_packages(colcon_meta) discover
[0.535s] Level 1:colcon.colcon_core.package_discovery:discover_packages(recursive) discover
[0.535s] INFO:colcon.colcon_core.package_discovery:Crawling recursively for packages in '/home/ana/final/project_clearpath'
[0.535s] Level 1:colcon.colcon_core.package_identification:_identify(.) by extensions ['ignore', 'ignore_ament_install']
[0.535s] Level 1:colcon.colcon_core.package_identification:_identify(.) by extension 'ignore'
[0.535s] Level 1:colcon.colcon_core.package_identification:_identify(.) by extension 'ignore_ament_install'
[0.535s] Level 1:colcon.colcon_core.package_identification:_identify(.) by extensions ['colcon_pkg']
[0.535s] Level 1:colcon.colcon_core.package_identification:_identify(.) by extension 'colcon_pkg'
[0.535s] Level 1:colcon.colcon_core.package_identification:_identify(.) by extensions ['colcon_meta']
[0.535s] Level 1:colcon.colcon_core.package_identification:_identify(.) by extension 'colcon_meta'
[0.535s] Level 1:colcon.colcon_core.package_identification:_identify(.) by extensions ['ros']
[0.535s] Level 1:colcon.colcon_core.package_identification:_identify(.) by extension 'ros'
[0.559s] DEBUG:colcon.colcon_core.package_identification:Package '.' with type 'ros.ament_cmake' and name 'project_clearpath'
[0.559s] Level 1:colcon.colcon_core.package_discovery:discover_packages(recursive) using defaults
[0.559s] Level 1:colcon.colcon_core.package_discovery:discover_packages(ignore) discover
[0.559s] Level 1:colcon.colcon_core.package_discovery:discover_packages(ignore) using defaults
[0.559s] Level 1:colcon.colcon_core.package_discovery:discover_packages(path) discover
[0.559s] Level 1:colcon.colcon_core.package_discovery:discover_packages(path) using defaults
[0.591s] Level 1:colcon.colcon_core.package_discovery:discover_packages(prefix_path) check parameters
[0.591s] Level 1:colcon.colcon_core.package_discovery:discover_packages(prefix_path) discover
[0.595s] DEBUG:colcon.colcon_installed_package_information.package_discovery:Found 1 installed packages in /home/ana/my_gazebo_tutorials/install
[0.597s] DEBUG:colcon.colcon_installed_package_information.package_discovery:Found 384 installed packages in /opt/ros/humble
[0.606s] Level 1:colcon.colcon_core.package_discovery:discover_packages(prefix_path) using defaults
[0.673s] Level 5:colcon.colcon_core.verb:set package 'project_clearpath' build argument 'cmake_args' from command line to '['-DCMAKE_BUILD_TYPE=Debug']'
[0.673s] Level 5:colcon.colcon_core.verb:set package 'project_clearpath' build argument 'cmake_target' from command line to 'None'
[0.673s] Level 5:colcon.colcon_core.verb:set package 'project_clearpath' build argument 'cmake_target_skip_unavailable' from command line to 'False'
[0.673s] Level 5:colcon.colcon_core.verb:set package 'project_clearpath' build argument 'cmake_clean_cache' from command line to 'False'
[0.673s] Level 5:colcon.colcon_core.verb:set package 'project_clearpath' build argument 'cmake_clean_first' from command line to 'False'
[0.673s] Level 5:colcon.colcon_core.verb:set package 'project_clearpath' build argument 'cmake_force_configure' from command line to 'False'
[0.673s] Level 5:colcon.colcon_core.verb:set package 'project_clearpath' build argument 'ament_cmake_args' from command line to 'None'
[0.673s] Level 5:colcon.colcon_core.verb:set package 'project_clearpath' build argument 'catkin_cmake_args' from command line to 'None'
[0.673s] Level 5:colcon.colcon_core.verb:set package 'project_clearpath' build argument 'catkin_skip_building_tests' from command line to 'False'
[0.673s] DEBUG:colcon.colcon_core.verb:Building package 'project_clearpath' with the following arguments: {'ament_cmake_args': None, 'build_base': '/home/ana/final/project_clearpath/build/project_clearpath', 'catkin_cmake_args': None, 'catkin_skip_building_tests': False, 'cmake_args': ['-DCMAKE_BUILD_TYPE=Debug'], 'cmake_clean_cache': False, 'cmake_clean_first': False, 'cmake_force_configure': False, 'cmake_target': None, 'cmake_target_skip_unavailable': False, 'install_base': '/home/ana/final/project_clearpath/install/project_clearpath', 'merge_install': False, 'path': '/home/ana/final/project_clearpath', 'symlink_install': True, 'test_result_base': None}
[0.673s] INFO:colcon.colcon_core.executor:Executing jobs using 'parallel' executor
[0.675s] DEBUG:colcon.colcon_parallel_executor.executor.parallel:run_until_complete
[0.675s] INFO:colcon.colcon_ros.task.ament_cmake.build:Building ROS package in '/home/ana/final/project_clearpath' with build type 'ament_cmake'
[0.675s] INFO:colcon.colcon_cmake.task.cmake.build:Building CMake package in '/home/ana/final/project_clearpath'
[0.681s] INFO:colcon.colcon_core.plugin_system:Skipping extension 'colcon_core.shell.bat': Not used on non-Windows systems
[0.681s] INFO:colcon.colcon_core.shell:Skip shell extension 'powershell' for command environment: Not usable outside of PowerShell
[0.681s] DEBUG:colcon.colcon_core.shell:Skip shell extension 'dsv' for command environment
[0.689s] DEBUG:colcon.colcon_core.event_handler.log_command:Invoking command in '/home/ana/final/project_clearpath/build/project_clearpath': CMAKE_PREFIX_PATH=${CMAKE_PREFIX_PATH}:/opt/ros/humble /usr/bin/cmake /home/ana/final/project_clearpath -DCMAKE_BUILD_TYPE=Debug -DAMENT_CMAKE_SYMLINK_INSTALL=1 -DCMAKE_INSTALL_PREFIX=/home/ana/final/project_clearpath/install/project_clearpath
[4.260s] DEBUG:colcon.colcon_core.event_handler.log_command:Invoked command in '/home/ana/final/project_clearpath/build/project_clearpath' returned '0': CMAKE_PREFIX_PATH=${CMAKE_PREFIX_PATH}:/opt/ros/humble /usr/bin/cmake /home/ana/final/project_clearpath -DCMAKE_BUILD_TYPE=Debug -DAMENT_CMAKE_SYMLINK_INSTALL=1 -DCMAKE_INSTALL_PREFIX=/home/ana/final/project_clearpath/install/project_clearpath
[4.261s] DEBUG:colcon.colcon_core.event_handler.log_command:Invoking command in '/home/ana/final/project_clearpath/build/project_clearpath': CMAKE_PREFIX_PATH=${CMAKE_PREFIX_PATH}:/opt/ros/humble /usr/bin/cmake --build /home/ana/final/project_clearpath/build/project_clearpath -- -j2 -l2
[30.530s] DEBUG:colcon.colcon_core.event_handler.log_command:Invoked command in '/home/ana/final/project_clearpath/build/project_clearpath' returned '0': CMAKE_PREFIX_PATH=${CMAKE_PREFIX_PATH}:/opt/ros/humble /usr/bin/cmake --build /home/ana/final/project_clearpath/build/project_clearpath -- -j2 -l2
[30.575s] DEBUG:colcon.colcon_core.event_handler.log_command:Invoking command in '/home/ana/final/project_clearpath/build/project_clearpath': CMAKE_PREFIX_PATH=${CMAKE_PREFIX_PATH}:/opt/ros/humble /usr/bin/cmake --install /home/ana/final/project_clearpath/build/project_clearpath
[30.822s] Level 1:colcon.colcon_core.environment:create_environment_scripts_only(project_clearpath)
[30.823s] DEBUG:colcon.colcon_core.event_handler.log_command:Invoked command in '/home/ana/final/project_clearpath/build/project_clearpath' returned '0': CMAKE_PREFIX_PATH=${CMAKE_PREFIX_PATH}:/opt/ros/humble /usr/bin/cmake --install /home/ana/final/project_clearpath/build/project_clearpath
[30.829s] Level 1:colcon.colcon_core.environment:checking '/home/ana/final/project_clearpath/install/project_clearpath' for CMake module files
[30.830s] Level 1:colcon.colcon_core.environment:checking '/home/ana/final/project_clearpath/install/project_clearpath' for CMake config files
[30.830s] Level 1:colcon.colcon_core.shell:create_environment_hook('project_clearpath', 'cmake_prefix_path')
[30.830s] INFO:colcon.colcon_core.shell:Creating environment hook '/home/ana/final/project_clearpath/install/project_clearpath/share/project_clearpath/hook/cmake_prefix_path.ps1'
[30.831s] INFO:colcon.colcon_core.shell:Creating environment descriptor '/home/ana/final/project_clearpath/install/project_clearpath/share/project_clearpath/hook/cmake_prefix_path.dsv'
[30.831s] INFO:colcon.colcon_core.shell:Creating environment hook '/home/ana/final/project_clearpath/install/project_clearpath/share/project_clearpath/hook/cmake_prefix_path.sh'
[30.833s] Level 1:colcon.colcon_core.environment:checking '/home/ana/final/project_clearpath/install/project_clearpath/lib'
[30.834s] Level 1:colcon.colcon_core.environment:checking '/home/ana/final/project_clearpath/install/project_clearpath/bin'
[30.834s] Level 1:colcon.colcon_core.environment:checking '/home/ana/final/project_clearpath/install/project_clearpath/lib/pkgconfig/project_clearpath.pc'
[30.834s] Level 1:colcon.colcon_core.environment:checking '/home/ana/final/project_clearpath/install/project_clearpath/lib/python3.10/site-packages'
[30.834s] Level 1:colcon.colcon_core.environment:checking '/home/ana/final/project_clearpath/install/project_clearpath/bin'
[30.835s] INFO:colcon.colcon_core.shell:Creating package script '/home/ana/final/project_clearpath/install/project_clearpath/share/project_clearpath/package.ps1'
[30.835s] INFO:colcon.colcon_core.shell:Creating package descriptor '/home/ana/final/project_clearpath/install/project_clearpath/share/project_clearpath/package.dsv'
[30.836s] INFO:colcon.colcon_core.shell:Creating package script '/home/ana/final/project_clearpath/install/project_clearpath/share/project_clearpath/package.sh'
[30.836s] INFO:colcon.colcon_core.shell:Creating package script '/home/ana/final/project_clearpath/install/project_clearpath/share/project_clearpath/package.bash'
[30.838s] INFO:colcon.colcon_core.shell:Creating package script '/home/ana/final/project_clearpath/install/project_clearpath/share/project_clearpath/package.zsh'
[30.839s] Level 1:colcon.colcon_core.environment:create_file_with_runtime_dependencies(/home/ana/final/project_clearpath/install/project_clearpath/share/colcon-core/packages/project_clearpath)
[30.876s] Level 1:colcon.colcon_core.environment:create_environment_scripts_only(project_clearpath)
[30.876s] Level 1:colcon.colcon_core.environment:checking '/home/ana/final/project_clearpath/install/project_clearpath' for CMake module files
[30.876s] Level 1:colcon.colcon_core.environment:checking '/home/ana/final/project_clearpath/install/project_clearpath' for CMake config files
[30.877s] Level 1:colcon.colcon_core.shell:create_environment_hook('project_clearpath', 'cmake_prefix_path')
[30.877s] INFO:colcon.colcon_core.shell:Creating environment hook '/home/ana/final/project_clearpath/install/project_clearpath/share/project_clearpath/hook/cmake_prefix_path.ps1'
[30.877s] INFO:colcon.colcon_core.shell:Creating environment descriptor '/home/ana/final/project_clearpath/install/project_clearpath/share/project_clearpath/hook/cmake_prefix_path.dsv'
[30.878s] INFO:colcon.colcon_core.shell:Creating environment hook '/home/ana/final/project_clearpath/install/project_clearpath/share/project_clearpath/hook/cmake_prefix_path.sh'
[30.878s] Level 1:colcon.colcon_core.environment:checking '/home/ana/final/project_clearpath/install/project_clearpath/lib'
[30.879s] Level 1:colcon.colcon_core.environment:checking '/home/ana/final/project_clearpath/install/project_clearpath/bin'
[30.879s] Level 1:colcon.colcon_core.environment:checking '/home/ana/final/project_clearpath/install/project_clearpath/lib/pkgconfig/project_clearpath.pc'
[30.879s] Level 1:colcon.colcon_core.environment:checking '/home/ana/final/project_clearpath/install/project_clearpath/lib/python3.10/site-packages'
[30.879s] Level 1:colcon.colcon_core.environment:checking '/home/ana/final/project_clearpath/install/project_clearpath/bin'
[30.879s] INFO:colcon.colcon_core.shell:Creating package script '/home/ana/final/project_clearpath/install/project_clearpath/share/project_clearpath/package.ps1'
[30.880s] INFO:colcon.colcon_core.shell:Creating package descriptor '/home/ana/final/project_clearpath/install/project_clearpath/share/project_clearpath/package.dsv'
[30.880s] INFO:colcon.colcon_core.shell:Creating package script '/home/ana/final/project_clearpath/install/project_clearpath/share/project_clearpath/package.sh'
[30.880s] INFO:colcon.colcon_core.shell:Creating package script '/home/ana/final/project_clearpath/install/project_clearpath/share/project_clearpath/package.bash'
[30.881s] INFO:colcon.colcon_core.shell:Creating package script '/home/ana/final/project_clearpath/install/project_clearpath/share/project_clearpath/package.zsh'
[30.881s] Level 1:colcon.colcon_core.environment:create_file_with_runtime_dependencies(/home/ana/final/project_clearpath/install/project_clearpath/share/colcon-core/packages/project_clearpath)
[30.881s] DEBUG:colcon.colcon_parallel_executor.executor.parallel:closing loop
[30.882s] DEBUG:colcon.colcon_parallel_executor.executor.parallel:loop closed
[30.882s] DEBUG:colcon.colcon_parallel_executor.executor.parallel:run_until_complete finished with '0'
[30.882s] DEBUG:colcon.colcon_core.event_reactor:joining thread
[30.896s] INFO:colcon.colcon_core.plugin_system:Skipping extension 'colcon_notification.desktop_notification.terminal_notifier': Not used on non-Darwin systems
[30.896s] INFO:colcon.colcon_core.plugin_system:Skipping extension 'colcon_notification.desktop_notification.win32': Not used on non-Windows systems
[30.896s] INFO:colcon.colcon_notification.desktop_notification:Sending desktop notification using 'notify2'
[30.990s] DEBUG:colcon.colcon_core.event_reactor:joined thread
[30.991s] INFO:colcon.colcon_core.shell:Creating prefix script '/home/ana/final/project_clearpath/install/local_setup.ps1'
[30.992s] INFO:colcon.colcon_core.shell:Creating prefix util module '/home/ana/final/project_clearpath/install/_local_setup_util_ps1.py'
[30.994s] INFO:colcon.colcon_core.shell:Creating prefix chain script '/home/ana/final/project_clearpath/install/setup.ps1'
[30.996s] INFO:colcon.colcon_core.shell:Creating prefix script '/home/ana/final/project_clearpath/install/local_setup.sh'
[30.997s] INFO:colcon.colcon_core.shell:Creating prefix util module '/home/ana/final/project_clearpath/install/_local_setup_util_sh.py'
[30.998s] INFO:colcon.colcon_core.shell:Creating prefix chain script '/home/ana/final/project_clearpath/install/setup.sh'
[30.999s] INFO:colcon.colcon_core.shell:Creating prefix script '/home/ana/final/project_clearpath/install/local_setup.bash'
[30.999s] INFO:colcon.colcon_core.shell:Creating prefix chain script '/home/ana/final/project_clearpath/install/setup.bash'
[31.001s] INFO:colcon.colcon_core.shell:Creating prefix script '/home/ana/final/project_clearpath/install/local_setup.zsh'
[31.001s] INFO:colcon.colcon_core.shell:Creating prefix chain script '/home/ana/final/project_clearpath/install/setup.zsh'
