-- The C compiler identification is GNU 11.4.0
-- The CXX compiler identification is GNU 11.4.0
-- Detecting C compiler ABI info
-- Detecting C compiler ABI info - done
-- Check for working C compiler: /usr/bin/cc - skipped
-- Detecting C compile features
-- Detecting C compile features - done
-- Detecting CXX compiler ABI info
-- Detecting CXX compiler ABI info - done
-- Check for working CXX compiler: /usr/bin/c++ - skipped
-- Detecting CXX compile features
-- Detecting CXX compile features - done
-- Found Python3: /usr/bin/python3.10 (found version "3.10.12") found components: Interpreter 
-- Looking for pthread.h
-- Looking for pthread.h - found
-- Performing Test CMAKE_HAVE_LIBC_PTHREAD
-- Performing Test CMAKE_HAVE_LIBC_PTHREAD - Success
-- Found Threads: TRUE  
-- Found ament_cmake: 1.3.10 (/opt/ros/humble/share/ament_cmake/cmake)
-- Found Python3: /usr/bin/python3 (found version "3.10.12") found components: Interpreter 
-- Override CMake install command with custom implementation using symlinks instead of copying resources
-- Found std_msgs: 4.2.4 (/opt/ros/humble/share/std_msgs/cmake)
-- Found rosidl_generator_c: 3.1.5 (/opt/ros/humble/share/rosidl_generator_c/cmake)
-- Found rosidl_adapter: 3.1.5 (/opt/ros/humble/share/rosidl_adapter/cmake)
-- Found rosidl_generator_cpp: 3.1.5 (/opt/ros/humble/share/rosidl_generator_cpp/cmake)
-- Using all available rosidl_typesupport_c: rosidl_typesupport_fastrtps_c;rosidl_typesupport_introspection_c
-- Using all available rosidl_typesupport_cpp: rosidl_typesupport_fastrtps_cpp;rosidl_typesupport_introspection_cpp
-- Found sensor_msgs: 4.2.4 (/opt/ros/humble/share/sensor_msgs/cmake)
-- Found gazebo_msgs: 3.7.0 (/opt/ros/humble/share/gazebo_msgs/cmake)
-- Found nav_msgs: 4.2.4 (/opt/ros/humble/share/nav_msgs/cmake)
-- Found tf2_ros: 0.25.8 (/opt/ros/humble/share/tf2_ros/cmake)
-- Found rmw_implementation_cmake: 6.1.2 (/opt/ros/humble/share/rmw_implementation_cmake/cmake)
-- Found rmw_fastrtps_cpp: 6.2.7 (/opt/ros/humble/share/rmw_fastrtps_cpp/cmake)
-- Found OpenSSL: /usr/lib/x86_64-linux-gnu/libcrypto.so (found version "3.0.2")  
-- Found FastRTPS: /opt/ros/humble/include  
-- Using RMW implementation 'rmw_fastrtps_cpp' as default
-- Found image_transport: 3.1.9 (/opt/ros/humble/share/image_transport/cmake)
-- Found cv_bridge: 3.2.1 (/opt/ros/humble/share/cv_bridge/cmake)
-- Found rclpy: 3.3.14 (/opt/ros/humble/share/rclpy/cmake)
-- Found OpenCV: /usr (found version "4.5.4") 
-- Found rosidl_default_generators: 1.2.0 (/opt/ros/humble/share/rosidl_default_generators/cmake)
-- Found rosbag2_cpp: 0.15.12 (/opt/ros/humble/share/rosbag2_cpp/cmake)
-- Found Doxygen: /usr/bin/doxygen (found version "1.9.1") found components: doxygen dot 
-- Performing Test HAVE_fprofile_abs_path
-- Performing Test HAVE_fprofile_abs_path - Success
-- Appending code coverage compiler flags: -g --coverage -fprofile-abs-path
-- Found ament_lint_auto: 0.12.11 (/opt/ros/humble/share/ament_lint_auto/cmake)
-- Added test 'cppcheck' to perform static code analysis on C / C++ code
-- Configured cppcheck include dirs: 
-- Configured cppcheck exclude dirs and/or files: 
-- Added test 'flake8' to check Python code syntax and style conventions
-- Added test 'lint_cmake' to check CMake code style
-- Added test 'pep257' to check Python code against some of the docstring style conventions in PEP 257
-- Added test 'uncrustify' to check C / C++ code style
-- Configured uncrustify additional arguments: 
-- Added test 'xmllint' to check XML markup files
-- CMAKE_BUILD_TYPE = Debug
-- WANT_COVERAGE    = ON
-- Configuring done
-- Generating done
-- Build files have been written to: /home/ana/final/project_clearpath/build/project_clearpath
[ 14%] [32mBuilding CXX object _deps/googletest-build/googletest/CMakeFiles/gtest.dir/src/gtest-all.cc.o[0m
[ 14%] [32mBuilding CXX object libs/debris/CMakeFiles/myDebris.dir/debris_detection.cpp.o[0m
[ 21%] [32m[1mLinking CXX static library ../../../lib/libgtest.a[0m
[ 21%] Built target gtest
[ 28%] [32mBuilding CXX object _deps/googletest-build/googlemock/CMakeFiles/gmock.dir/src/gmock-all.cc.o[0m
[ 35%] [32m[1mLinking CXX static library ../../../lib/libgmock.a[0m
[ 35%] Built target gmock
[ 42%] [32mBuilding CXX object _deps/googletest-build/googletest/CMakeFiles/gtest_main.dir/src/gtest_main.cc.o[0m
[ 50%] [32m[1mLinking CXX static library ../../../lib/libgtest_main.a[0m
[ 50%] Built target gtest_main
[ 57%] [32mBuilding CXX object _deps/googletest-build/googlemock/CMakeFiles/gmock_main.dir/src/gmock_main.cc.o[0m
[ 64%] [32m[1mLinking CXX static library ../../../lib/libgmock_main.a[0m
[ 64%] Built target gmock_main
[ 71%] [32m[1mLinking CXX static library libmyDebris.a[0m
[ 71%] Built target myDebris
[ 78%] [32mBuilding CXX object test/CMakeFiles/cpp-test.dir/test.cpp.o[0m
[ 85%] [32mBuilding CXX object app/CMakeFiles/collector_node.dir/main.cpp.o[0m
[ 92%] [32m[1mLinking CXX executable collector_node[0m
[100%] [32m[1mLinking CXX executable cpp-test[0m
[100%] Built target collector_node
[100%] Built target cpp-test
-- Install configuration: "Debug"
-- Installing: /home/ana/final/project_clearpath/install/project_clearpath/include
-- Installing: /home/ana/final/project_clearpath/install/project_clearpath/include/gmock
-- Installing: /home/ana/final/project_clearpath/install/project_clearpath/include/gmock/gmock-more-matchers.h
-- Installing: /home/ana/final/project_clearpath/install/project_clearpath/include/gmock/internal
-- Installing: /home/ana/final/project_clearpath/install/project_clearpath/include/gmock/internal/custom
-- Installing: /home/ana/final/project_clearpath/install/project_clearpath/include/gmock/internal/custom/README.md
-- Installing: /home/ana/final/project_clearpath/install/project_clearpath/include/gmock/internal/custom/gmock-matchers.h
-- Installing: /home/ana/final/project_clearpath/install/project_clearpath/include/gmock/internal/custom/gmock-generated-actions.h
-- Installing: /home/ana/final/project_clearpath/install/project_clearpath/include/gmock/internal/custom/gmock-port.h
-- Installing: /home/ana/final/project_clearpath/install/project_clearpath/include/gmock/internal/gmock-internal-utils.h
-- Installing: /home/ana/final/project_clearpath/install/project_clearpath/include/gmock/internal/gmock-port.h
-- Installing: /home/ana/final/project_clearpath/install/project_clearpath/include/gmock/internal/gmock-pp.h
-- Installing: /home/ana/final/project_clearpath/install/project_clearpath/include/gmock/gmock-function-mocker.h
-- Installing: /home/ana/final/project_clearpath/install/project_clearpath/include/gmock/gmock-nice-strict.h
-- Installing: /home/ana/final/project_clearpath/install/project_clearpath/include/gmock/gmock-matchers.h
-- Installing: /home/ana/final/project_clearpath/install/project_clearpath/include/gmock/gmock-actions.h
-- Installing: /home/ana/final/project_clearpath/install/project_clearpath/include/gmock/gmock.h
-- Installing: /home/ana/final/project_clearpath/install/project_clearpath/include/gmock/gmock-cardinalities.h
-- Installing: /home/ana/final/project_clearpath/install/project_clearpath/include/gmock/gmock-spec-builders.h
-- Installing: /home/ana/final/project_clearpath/install/project_clearpath/include/gmock/gmock-more-actions.h
-- Installing: /home/ana/final/project_clearpath/install/project_clearpath/lib/libgmock.a
-- Installing: /home/ana/final/project_clearpath/install/project_clearpath/lib/libgmock_main.a
-- Installing: /home/ana/final/project_clearpath/install/project_clearpath/lib/pkgconfig/gmock.pc
-- Installing: /home/ana/final/project_clearpath/install/project_clearpath/lib/pkgconfig/gmock_main.pc
-- Installing: /home/ana/final/project_clearpath/install/project_clearpath/lib/cmake/GTest/GTestTargets.cmake
-- Installing: /home/ana/final/project_clearpath/install/project_clearpath/lib/cmake/GTest/GTestTargets-debug.cmake
-- Installing: /home/ana/final/project_clearpath/install/project_clearpath/lib/cmake/GTest/GTestConfigVersion.cmake
-- Installing: /home/ana/final/project_clearpath/install/project_clearpath/lib/cmake/GTest/GTestConfig.cmake
-- Up-to-date: /home/ana/final/project_clearpath/install/project_clearpath/include
-- Installing: /home/ana/final/project_clearpath/install/project_clearpath/include/gtest
-- Installing: /home/ana/final/project_clearpath/install/project_clearpath/include/gtest/gtest-test-part.h
-- Installing: /home/ana/final/project_clearpath/install/project_clearpath/include/gtest/internal
-- Installing: /home/ana/final/project_clearpath/install/project_clearpath/include/gtest/internal/gtest-type-util.h
-- Installing: /home/ana/final/project_clearpath/install/project_clearpath/include/gtest/internal/custom
-- Installing: /home/ana/final/project_clearpath/install/project_clearpath/include/gtest/internal/custom/gtest-printers.h
-- Installing: /home/ana/final/project_clearpath/install/project_clearpath/include/gtest/internal/custom/gtest-port.h
-- Installing: /home/ana/final/project_clearpath/install/project_clearpath/include/gtest/internal/custom/README.md
-- Installing: /home/ana/final/project_clearpath/install/project_clearpath/include/gtest/internal/custom/gtest.h
-- Installing: /home/ana/final/project_clearpath/install/project_clearpath/include/gtest/internal/gtest-param-util.h
-- Installing: /home/ana/final/project_clearpath/install/project_clearpath/include/gtest/internal/gtest-death-test-internal.h
-- Installing: /home/ana/final/project_clearpath/install/project_clearpath/include/gtest/internal/gtest-string.h
-- Installing: /home/ana/final/project_clearpath/install/project_clearpath/include/gtest/internal/gtest-internal.h
-- Installing: /home/ana/final/project_clearpath/install/project_clearpath/include/gtest/internal/gtest-port.h
-- Installing: /home/ana/final/project_clearpath/install/project_clearpath/include/gtest/internal/gtest-filepath.h
-- Installing: /home/ana/final/project_clearpath/install/project_clearpath/include/gtest/internal/gtest-port-arch.h
-- Installing: /home/ana/final/project_clearpath/install/project_clearpath/include/gtest/gtest-printers.h
-- Installing: /home/ana/final/project_clearpath/install/project_clearpath/include/gtest/gtest-spi.h
-- Installing: /home/ana/final/project_clearpath/install/project_clearpath/include/gtest/gtest-matchers.h
-- Installing: /home/ana/final/project_clearpath/install/project_clearpath/include/gtest/gtest_prod.h
-- Installing: /home/ana/final/project_clearpath/install/project_clearpath/include/gtest/gtest-param-test.h
-- Installing: /home/ana/final/project_clearpath/install/project_clearpath/include/gtest/gtest-death-test.h
-- Installing: /home/ana/final/project_clearpath/install/project_clearpath/include/gtest/gtest.h
-- Installing: /home/ana/final/project_clearpath/install/project_clearpath/include/gtest/gtest_pred_impl.h
-- Installing: /home/ana/final/project_clearpath/install/project_clearpath/include/gtest/gtest-message.h
-- Installing: /home/ana/final/project_clearpath/install/project_clearpath/include/gtest/gtest-assertion-result.h
-- Installing: /home/ana/final/project_clearpath/install/project_clearpath/include/gtest/gtest-typed-test.h
-- Installing: /home/ana/final/project_clearpath/install/project_clearpath/lib/libgtest.a
-- Installing: /home/ana/final/project_clearpath/install/project_clearpath/lib/libgtest_main.a
-- Installing: /home/ana/final/project_clearpath/install/project_clearpath/lib/pkgconfig/gtest.pc
-- Installing: /home/ana/final/project_clearpath/install/project_clearpath/lib/pkgconfig/gtest_main.pc
-- Execute custom install script
-- Symlinking: /home/ana/final/project_clearpath/install/project_clearpath/lib/project_clearpath/collector_node
-- Symlinking: /home/ana/final/project_clearpath/install/project_clearpath/share/project_clearpath//launch/collector_robot.launch.py
-- Symlinking: /home/ana/final/project_clearpath/install/project_clearpath/share/project_clearpath//launch/spawn_tbot3_custom.py
-- Symlinking: /home/ana/final/project_clearpath/install/project_clearpath/share/project_clearpath//launch/spawn_trash.launch.py
-- Symlinking: /home/ana/final/project_clearpath/install/project_clearpath/share/project_clearpath//models/trash_block/model.sdf
-- Symlinking: /home/ana/final/project_clearpath/install/project_clearpath/share/project_clearpath//models/turtlebot3_waffle_pi/model-1_4_.sdf
-- Symlinking: /home/ana/final/project_clearpath/install/project_clearpath/share/project_clearpath//models/turtlebot3_waffle_pi/model.config
-- Symlinking: /home/ana/final/project_clearpath/install/project_clearpath/share/project_clearpath//models/turtlebot3_waffle_pi/model.sdf
-- Symlinking: /home/ana/final/project_clearpath/install/project_clearpath/share/project_clearpath//worlds/empty_world.world
-- Symlinking: /home/ana/final/project_clearpath/install/project_clearpath/share/project_clearpath//worlds/gazebo_ros_depth_camera_demo.world
-- Symlinking: /home/ana/final/project_clearpath/install/project_clearpath/share/project_clearpath//worlds/sample.world
-- Symlinking: /home/ana/final/project_clearpath/install/project_clearpath/share/project_clearpath//urdf/common_properties.urdf
-- Symlinking: /home/ana/final/project_clearpath/install/project_clearpath/share/project_clearpath//urdf/turtlebot3_waffle_pi.urdf
-- Symlinking: /home/ana/final/project_clearpath/install/project_clearpath/share/ament_index/resource_index/package_run_dependencies/project_clearpath
-- Symlinking: /home/ana/final/project_clearpath/install/project_clearpath/share/ament_index/resource_index/parent_prefix_path/project_clearpath
-- Symlinking: /home/ana/final/project_clearpath/install/project_clearpath/share/project_clearpath/environment/ament_prefix_path.sh
-- Symlinking: /home/ana/final/project_clearpath/install/project_clearpath/share/project_clearpath/environment/ament_prefix_path.dsv
-- Symlinking: /home/ana/final/project_clearpath/install/project_clearpath/share/project_clearpath/environment/path.sh
-- Symlinking: /home/ana/final/project_clearpath/install/project_clearpath/share/project_clearpath/environment/path.dsv
-- Symlinking: /home/ana/final/project_clearpath/install/project_clearpath/share/project_clearpath/local_setup.bash
-- Symlinking: /home/ana/final/project_clearpath/install/project_clearpath/share/project_clearpath/local_setup.sh
-- Symlinking: /home/ana/final/project_clearpath/install/project_clearpath/share/project_clearpath/local_setup.zsh
-- Symlinking: /home/ana/final/project_clearpath/install/project_clearpath/share/project_clearpath/local_setup.dsv
-- Symlinking: /home/ana/final/project_clearpath/install/project_clearpath/share/project_clearpath/package.dsv
-- Symlinking: /home/ana/final/project_clearpath/install/project_clearpath/share/ament_index/resource_index/packages/project_clearpath
-- Symlinking: /home/ana/final/project_clearpath/install/project_clearpath/share/project_clearpath/cmake/project_clearpathConfig.cmake
-- Symlinking: /home/ana/final/project_clearpath/install/project_clearpath/share/project_clearpath/cmake/project_clearpathConfig-version.cmake
-- Symlinking: /home/ana/final/project_clearpath/install/project_clearpath/share/project_clearpath/package.xml
