[0.013s] Invoking command in '/home/ana/final/project_clearpath/build/project_clearpath': CMAKE_PREFIX_PATH=${CMAKE_PREFIX_PATH}:/opt/ros/humble /usr/bin/cmake /home/ana/final/project_clearpath -DCMAKE_BUILD_TYPE=Debug -DAMENT_CMAKE_SYMLINK_INSTALL=1 -DCMAKE_INSTALL_PREFIX=/home/ana/final/project_clearpath/install/project_clearpath
[0.152s] -- The C compiler identification is GNU 11.4.0
[0.275s] -- The CXX compiler identification is GNU 11.4.0
[0.291s] -- Detecting C compiler ABI info
[0.384s] -- Detecting C compiler ABI info - done
[0.388s] -- Check for working C compiler: /usr/bin/cc - skipped
[0.389s] -- Detecting C compile features
[0.391s] -- Detecting C compile features - done
[0.396s] -- Detecting CXX compiler ABI info
[0.474s] -- Detecting CXX compiler ABI info - done
[0.477s] -- Check for working CXX compiler: /usr/bin/c++ - skipped
[0.477s] -- Detecting CXX compile features
[0.478s] -- Detecting CXX compile features - done
[1.531s] -- Found Python3: /usr/bin/python3.10 (found version "3.10.12") found components: Interpreter 
[1.536s] -- Looking for pthread.h
[1.616s] -- Looking for pthread.h - found
[1.616s] -- Performing Test CMAKE_HAVE_LIBC_PTHREAD
[1.678s] -- Performing Test CMAKE_HAVE_LIBC_PTHREAD - Success
[1.679s] -- Found Threads: TRUE  
[1.703s] -- Found ament_cmake: 1.3.10 (/opt/ros/humble/share/ament_cmake/cmake)
[1.828s] -- Found Python3: /usr/bin/python3 (found version "3.10.12") found components: Interpreter 
[1.896s] -- Override CMake install command with custom implementation using symlinks instead of copying resources
[1.940s] -- Found std_msgs: 4.2.4 (/opt/ros/humble/share/std_msgs/cmake)
[2.000s] -- Found rosidl_generator_c: 3.1.5 (/opt/ros/humble/share/rosidl_generator_c/cmake)
[2.008s] -- Found rosidl_adapter: 3.1.5 (/opt/ros/humble/share/rosidl_adapter/cmake)
[2.021s] -- Found rosidl_generator_cpp: 3.1.5 (/opt/ros/humble/share/rosidl_generator_cpp/cmake)
[2.043s] -- Using all available rosidl_typesupport_c: rosidl_typesupport_fastrtps_c;rosidl_typesupport_introspection_c
[2.073s] -- Using all available rosidl_typesupport_cpp: rosidl_typesupport_fastrtps_cpp;rosidl_typesupport_introspection_cpp
[2.116s] -- Found sensor_msgs: 4.2.4 (/opt/ros/humble/share/sensor_msgs/cmake)
[2.159s] -- Found gazebo_msgs: 3.7.0 (/opt/ros/humble/share/gazebo_msgs/cmake)
[2.204s] -- Found nav_msgs: 4.2.4 (/opt/ros/humble/share/nav_msgs/cmake)
[2.225s] -- Found tf2_ros: 0.25.8 (/opt/ros/humble/share/tf2_ros/cmake)
[2.325s] -- Found rmw_implementation_cmake: 6.1.2 (/opt/ros/humble/share/rmw_implementation_cmake/cmake)
[2.329s] -- Found rmw_fastrtps_cpp: 6.2.7 (/opt/ros/humble/share/rmw_fastrtps_cpp/cmake)
[2.428s] -- Found OpenSSL: /usr/lib/x86_64-linux-gnu/libcrypto.so (found version "3.0.2")  
[2.452s] -- Found FastRTPS: /opt/ros/humble/include  
[2.483s] -- Using RMW implementation 'rmw_fastrtps_cpp' as default
[2.639s] -- Found image_transport: 3.1.9 (/opt/ros/humble/share/image_transport/cmake)
[2.664s] -- Found cv_bridge: 3.2.1 (/opt/ros/humble/share/cv_bridge/cmake)
[2.676s] -- Found rclpy: 3.3.14 (/opt/ros/humble/share/rclpy/cmake)
[2.679s] -- Found OpenCV: /usr (found version "4.5.4") 
[2.681s] -- Found rosidl_default_generators: 1.2.0 (/opt/ros/humble/share/rosidl_default_generators/cmake)
[2.694s] -- Found rosbag2_cpp: 0.15.12 (/opt/ros/humble/share/rosbag2_cpp/cmake)
[2.948s] -- Found Doxygen: /usr/bin/doxygen (found version "1.9.1") found components: doxygen dot 
[2.989s] [0mEnabling coverage[0m
[2.994s] -- Performing Test HAVE_fprofile_abs_path
[3.079s] -- Performing Test HAVE_fprofile_abs_path - Success
[3.079s] -- Appending code coverage compiler flags: -g --coverage -fprofile-abs-path
[3.094s] -- Found ament_lint_auto: 0.12.11 (/opt/ros/humble/share/ament_lint_auto/cmake)
[3.307s] -- Added test 'cppcheck' to perform static code analysis on C / C++ code
[3.308s] -- Configured cppcheck include dirs: 
[3.308s] -- Configured cppcheck exclude dirs and/or files: 
[3.326s] -- Added test 'flake8' to check Python code syntax and style conventions
[3.358s] -- Added test 'lint_cmake' to check CMake code style
[3.374s] -- Added test 'pep257' to check Python code against some of the docstring style conventions in PEP 257
[3.504s] -- Added test 'uncrustify' to check C / C++ code style
[3.504s] -- Configured uncrustify additional arguments: 
[3.523s] -- Added test 'xmllint' to check XML markup files
[3.528s] -- CMAKE_BUILD_TYPE = Debug
[3.528s] -- WANT_COVERAGE    = ON
[3.529s] -- Configuring done
[3.565s] -- Generating done
[3.568s] -- Build files have been written to: /home/ana/final/project_clearpath/build/project_clearpath
[3.584s] Invoked command in '/home/ana/final/project_clearpath/build/project_clearpath' returned '0': CMAKE_PREFIX_PATH=${CMAKE_PREFIX_PATH}:/opt/ros/humble /usr/bin/cmake /home/ana/final/project_clearpath -DCMAKE_BUILD_TYPE=Debug -DAMENT_CMAKE_SYMLINK_INSTALL=1 -DCMAKE_INSTALL_PREFIX=/home/ana/final/project_clearpath/install/project_clearpath
[3.585s] Invoking command in '/home/ana/final/project_clearpath/build/project_clearpath': CMAKE_PREFIX_PATH=${CMAKE_PREFIX_PATH}:/opt/ros/humble /usr/bin/cmake --build /home/ana/final/project_clearpath/build/project_clearpath -- -j2 -l2
[3.634s] [ 14%] [32mBuilding CXX object _deps/googletest-build/googletest/CMakeFiles/gtest.dir/src/gtest-all.cc.o[0m
[3.634s] [ 14%] [32mBuilding CXX object libs/debris/CMakeFiles/myDebris.dir/debris_detection.cpp.o[0m
[9.979s] [ 21%] [32m[1mLinking CXX static library ../../../lib/libgtest.a[0m
[10.067s] [ 21%] Built target gtest
[10.095s] [ 28%] [32mBuilding CXX object _deps/googletest-build/googlemock/CMakeFiles/gmock.dir/src/gmock-all.cc.o[0m
[12.054s] [ 35%] [32m[1mLinking CXX static library ../../../lib/libgmock.a[0m
[12.114s] [ 35%] Built target gmock
[12.137s] [ 42%] [32mBuilding CXX object _deps/googletest-build/googletest/CMakeFiles/gtest_main.dir/src/gtest_main.cc.o[0m
[13.272s] [ 50%] [32m[1mLinking CXX static library ../../../lib/libgtest_main.a[0m
[13.342s] [ 50%] Built target gtest_main
[13.391s] [ 57%] [32mBuilding CXX object _deps/googletest-build/googlemock/CMakeFiles/gmock_main.dir/src/gmock_main.cc.o[0m
[14.177s] [ 64%] [32m[1mLinking CXX static library ../../../lib/libgmock_main.a[0m
[14.208s] [ 64%] Built target gmock_main
[21.618s] [ 71%] [32m[1mLinking CXX static library libmyDebris.a[0m
[21.903s] [ 71%] Built target myDebris
[21.930s] [ 78%] [32mBuilding CXX object test/CMakeFiles/cpp-test.dir/test.cpp.o[0m
[21.936s] [ 85%] [32mBuilding CXX object app/CMakeFiles/collector_node.dir/main.cpp.o[0m
[27.679s] [ 92%] [32m[1mLinking CXX executable collector_node[0m
[28.635s] [100%] [32m[1mLinking CXX executable cpp-test[0m
[29.057s] [100%] Built target collector_node
[29.843s] [100%] Built target cpp-test
[29.855s] Invoked command in '/home/ana/final/project_clearpath/build/project_clearpath' returned '0': CMAKE_PREFIX_PATH=${CMAKE_PREFIX_PATH}:/opt/ros/humble /usr/bin/cmake --build /home/ana/final/project_clearpath/build/project_clearpath -- -j2 -l2
[29.899s] Invoking command in '/home/ana/final/project_clearpath/build/project_clearpath': CMAKE_PREFIX_PATH=${CMAKE_PREFIX_PATH}:/opt/ros/humble /usr/bin/cmake --install /home/ana/final/project_clearpath/build/project_clearpath
[29.908s] -- Install configuration: "Debug"
[29.908s] -- Installing: /home/ana/final/project_clearpath/install/project_clearpath/include
[29.908s] -- Installing: /home/ana/final/project_clearpath/install/project_clearpath/include/gmock
[29.908s] -- Installing: /home/ana/final/project_clearpath/install/project_clearpath/include/gmock/gmock-more-matchers.h
[29.908s] -- Installing: /home/ana/final/project_clearpath/install/project_clearpath/include/gmock/internal
[29.908s] -- Installing: /home/ana/final/project_clearpath/install/project_clearpath/include/gmock/internal/custom
[29.909s] -- Installing: /home/ana/final/project_clearpath/install/project_clearpath/include/gmock/internal/custom/README.md
[29.909s] -- Installing: /home/ana/final/project_clearpath/install/project_clearpath/include/gmock/internal/custom/gmock-matchers.h
[29.909s] -- Installing: /home/ana/final/project_clearpath/install/project_clearpath/include/gmock/internal/custom/gmock-generated-actions.h
[29.909s] -- Installing: /home/ana/final/project_clearpath/install/project_clearpath/include/gmock/internal/custom/gmock-port.h
[29.909s] -- Installing: /home/ana/final/project_clearpath/install/project_clearpath/include/gmock/internal/gmock-internal-utils.h
[29.910s] -- Installing: /home/ana/final/project_clearpath/install/project_clearpath/include/gmock/internal/gmock-port.h
[29.910s] -- Installing: /home/ana/final/project_clearpath/install/project_clearpath/include/gmock/internal/gmock-pp.h
[29.910s] -- Installing: /home/ana/final/project_clearpath/install/project_clearpath/include/gmock/gmock-function-mocker.h
[29.910s] -- Installing: /home/ana/final/project_clearpath/install/project_clearpath/include/gmock/gmock-nice-strict.h
[29.910s] -- Installing: /home/ana/final/project_clearpath/install/project_clearpath/include/gmock/gmock-matchers.h
[29.911s] -- Installing: /home/ana/final/project_clearpath/install/project_clearpath/include/gmock/gmock-actions.h
[29.911s] -- Installing: /home/ana/final/project_clearpath/install/project_clearpath/include/gmock/gmock.h
[29.911s] -- Installing: /home/ana/final/project_clearpath/install/project_clearpath/include/gmock/gmock-cardinalities.h
[29.911s] -- Installing: /home/ana/final/project_clearpath/install/project_clearpath/include/gmock/gmock-spec-builders.h
[29.911s] -- Installing: /home/ana/final/project_clearpath/install/project_clearpath/include/gmock/gmock-more-actions.h
[29.911s] -- Installing: /home/ana/final/project_clearpath/install/project_clearpath/lib/libgmock.a
[29.914s] -- Installing: /home/ana/final/project_clearpath/install/project_clearpath/lib/libgmock_main.a
[29.914s] -- Installing: /home/ana/final/project_clearpath/install/project_clearpath/lib/pkgconfig/gmock.pc
[29.914s] -- Installing: /home/ana/final/project_clearpath/install/project_clearpath/lib/pkgconfig/gmock_main.pc
[29.915s] -- Installing: /home/ana/final/project_clearpath/install/project_clearpath/lib/cmake/GTest/GTestTargets.cmake
[29.915s] -- Installing: /home/ana/final/project_clearpath/install/project_clearpath/lib/cmake/GTest/GTestTargets-debug.cmake
[29.916s] -- Installing: /home/ana/final/project_clearpath/install/project_clearpath/lib/cmake/GTest/GTestConfigVersion.cmake
[29.916s] -- Installing: /home/ana/final/project_clearpath/install/project_clearpath/lib/cmake/GTest/GTestConfig.cmake
[29.916s] -- Up-to-date: /home/ana/final/project_clearpath/install/project_clearpath/include
[29.916s] -- Installing: /home/ana/final/project_clearpath/install/project_clearpath/include/gtest
[29.916s] -- Installing: /home/ana/final/project_clearpath/install/project_clearpath/include/gtest/gtest-test-part.h
[29.916s] -- Installing: /home/ana/final/project_clearpath/install/project_clearpath/include/gtest/internal
[29.916s] -- Installing: /home/ana/final/project_clearpath/install/project_clearpath/include/gtest/internal/gtest-type-util.h
[29.917s] -- Installing: /home/ana/final/project_clearpath/install/project_clearpath/include/gtest/internal/custom
[29.917s] -- Installing: /home/ana/final/project_clearpath/install/project_clearpath/include/gtest/internal/custom/gtest-printers.h
[29.917s] -- Installing: /home/ana/final/project_clearpath/install/project_clearpath/include/gtest/internal/custom/gtest-port.h
[29.917s] -- Installing: /home/ana/final/project_clearpath/install/project_clearpath/include/gtest/internal/custom/README.md
[29.919s] -- Installing: /home/ana/final/project_clearpath/install/project_clearpath/include/gtest/internal/custom/gtest.h
[29.919s] -- Installing: /home/ana/final/project_clearpath/install/project_clearpath/include/gtest/internal/gtest-param-util.h
[29.919s] -- Installing: /home/ana/final/project_clearpath/install/project_clearpath/include/gtest/internal/gtest-death-test-internal.h
[29.919s] -- Installing: /home/ana/final/project_clearpath/install/project_clearpath/include/gtest/internal/gtest-string.h
[29.919s] -- Installing: /home/ana/final/project_clearpath/install/project_clearpath/include/gtest/internal/gtest-internal.h
[29.919s] -- Installing: /home/ana/final/project_clearpath/install/project_clearpath/include/gtest/internal/gtest-port.h
[29.919s] -- Installing: /home/ana/final/project_clearpath/install/project_clearpath/include/gtest/internal/gtest-filepath.h
[29.919s] -- Installing: /home/ana/final/project_clearpath/install/project_clearpath/include/gtest/internal/gtest-port-arch.h
[29.919s] -- Installing: /home/ana/final/project_clearpath/install/project_clearpath/include/gtest/gtest-printers.h
[29.919s] -- Installing: /home/ana/final/project_clearpath/install/project_clearpath/include/gtest/gtest-spi.h
[29.919s] -- Installing: /home/ana/final/project_clearpath/install/project_clearpath/include/gtest/gtest-matchers.h
[29.920s] -- Installing: /home/ana/final/project_clearpath/install/project_clearpath/include/gtest/gtest_prod.h
[29.920s] -- Installing: /home/ana/final/project_clearpath/install/project_clearpath/include/gtest/gtest-param-test.h
[29.920s] -- Installing: /home/ana/final/project_clearpath/install/project_clearpath/include/gtest/gtest-death-test.h
[29.920s] -- Installing: /home/ana/final/project_clearpath/install/project_clearpath/include/gtest/gtest.h
[29.920s] -- Installing: /home/ana/final/project_clearpath/install/project_clearpath/include/gtest/gtest_pred_impl.h
[29.920s] -- Installing: /home/ana/final/project_clearpath/install/project_clearpath/include/gtest/gtest-message.h
[29.920s] -- Installing: /home/ana/final/project_clearpath/install/project_clearpath/include/gtest/gtest-assertion-result.h
[29.920s] -- Installing: /home/ana/final/project_clearpath/install/project_clearpath/include/gtest/gtest-typed-test.h
[29.921s] -- Installing: /home/ana/final/project_clearpath/install/project_clearpath/lib/libgtest.a
[29.927s] -- Installing: /home/ana/final/project_clearpath/install/project_clearpath/lib/libgtest_main.a
[29.927s] -- Installing: /home/ana/final/project_clearpath/install/project_clearpath/lib/pkgconfig/gtest.pc
[29.928s] -- Installing: /home/ana/final/project_clearpath/install/project_clearpath/lib/pkgconfig/gtest_main.pc
[29.928s] -- Execute custom install script
[29.928s] -- Symlinking: /home/ana/final/project_clearpath/install/project_clearpath/lib/project_clearpath/collector_node
[29.937s] -- Symlinking: /home/ana/final/project_clearpath/install/project_clearpath/share/project_clearpath//launch/collector_robot.launch.py
[29.945s] -- Symlinking: /home/ana/final/project_clearpath/install/project_clearpath/share/project_clearpath//launch/spawn_tbot3_custom.py
[29.952s] -- Symlinking: /home/ana/final/project_clearpath/install/project_clearpath/share/project_clearpath//launch/spawn_trash.launch.py
[29.960s] -- Symlinking: /home/ana/final/project_clearpath/install/project_clearpath/share/project_clearpath//models/trash_block/model.sdf
[29.968s] -- Symlinking: /home/ana/final/project_clearpath/install/project_clearpath/share/project_clearpath//models/turtlebot3_waffle_pi/model-1_4_.sdf
[29.976s] -- Symlinking: /home/ana/final/project_clearpath/install/project_clearpath/share/project_clearpath//models/turtlebot3_waffle_pi/model.config
[29.986s] -- Symlinking: /home/ana/final/project_clearpath/install/project_clearpath/share/project_clearpath//models/turtlebot3_waffle_pi/model.sdf
[29.996s] -- Symlinking: /home/ana/final/project_clearpath/install/project_clearpath/share/project_clearpath//worlds/empty_world.world
[30.004s] -- Symlinking: /home/ana/final/project_clearpath/install/project_clearpath/share/project_clearpath//worlds/gazebo_ros_depth_camera_demo.world
[30.011s] -- Symlinking: /home/ana/final/project_clearpath/install/project_clearpath/share/project_clearpath//worlds/sample.world
[30.021s] -- Symlinking: /home/ana/final/project_clearpath/install/project_clearpath/share/project_clearpath//urdf/common_properties.urdf
[30.028s] -- Symlinking: /home/ana/final/project_clearpath/install/project_clearpath/share/project_clearpath//urdf/turtlebot3_waffle_pi.urdf
[30.035s] -- Symlinking: /home/ana/final/project_clearpath/install/project_clearpath/share/ament_index/resource_index/package_run_dependencies/project_clearpath
[30.041s] -- Symlinking: /home/ana/final/project_clearpath/install/project_clearpath/share/ament_index/resource_index/parent_prefix_path/project_clearpath
[30.048s] -- Symlinking: /home/ana/final/project_clearpath/install/project_clearpath/share/project_clearpath/environment/ament_prefix_path.sh
[30.055s] -- Symlinking: /home/ana/final/project_clearpath/install/project_clearpath/share/project_clearpath/environment/ament_prefix_path.dsv
[30.063s] -- Symlinking: /home/ana/final/project_clearpath/install/project_clearpath/share/project_clearpath/environment/path.sh
[30.070s] -- Symlinking: /home/ana/final/project_clearpath/install/project_clearpath/share/project_clearpath/environment/path.dsv
[30.077s] -- Symlinking: /home/ana/final/project_clearpath/install/project_clearpath/share/project_clearpath/local_setup.bash
[30.084s] -- Symlinking: /home/ana/final/project_clearpath/install/project_clearpath/share/project_clearpath/local_setup.sh
[30.091s] -- Symlinking: /home/ana/final/project_clearpath/install/project_clearpath/share/project_clearpath/local_setup.zsh
[30.101s] -- Symlinking: /home/ana/final/project_clearpath/install/project_clearpath/share/project_clearpath/local_setup.dsv
[30.108s] -- Symlinking: /home/ana/final/project_clearpath/install/project_clearpath/share/project_clearpath/package.dsv
[30.116s] -- Symlinking: /home/ana/final/project_clearpath/install/project_clearpath/share/ament_index/resource_index/packages/project_clearpath
[30.123s] -- Symlinking: /home/ana/final/project_clearpath/install/project_clearpath/share/project_clearpath/cmake/project_clearpathConfig.cmake
[30.130s] -- Symlinking: /home/ana/final/project_clearpath/install/project_clearpath/share/project_clearpath/cmake/project_clearpathConfig-version.cmake
[30.137s] -- Symlinking: /home/ana/final/project_clearpath/install/project_clearpath/share/project_clearpath/package.xml
[30.147s] Invoked command in '/home/ana/final/project_clearpath/build/project_clearpath' returned '0': CMAKE_PREFIX_PATH=${CMAKE_PREFIX_PATH}:/opt/ros/humble /usr/bin/cmake --install /home/ana/final/project_clearpath/build/project_clearpath
